<?xml version="1.0" encoding="UTF-8"?>
<alert xmlns="urn:oasis:names:tc:emergency:cap:1.2">
  <identifier>urn:oid:test-warning-1-2025-09-06</identifier>
  <sender>cap@fmi.fi</sender>
  <sent>2025-09-06T08:00:00+03:00</sent>
  <status>Actual</status>
  <msgType>Alert</msgType>
  <scope>Public</scope>

  <info>
    <language>en-GB</language>
    <category>Met</category>
    <event>Pedestrian slippery</event>
    <urgency>Immediate</urgency>
    <severity>Minor</severity>
    <certainty>Likely</certainty>
    <onset>2025-09-06T08:00:00+03:00</onset>
    <expires>2025-09-06T20:00:00+03:00</expires>
    <headline>Yellow pedestrian weather warning: Locally in Uusimaa</headline>
    <description>Very slippery pavements are expected due to early autumn frost and dew.</description>
    <area>
      <areaDesc>Uusimaa</areaDesc>
    </area>
  </info>
</alert>
